<?xml version="1.0" encoding="UTF-8"?>
<!-- Generated by org.testng.reporters.JUnitXMLReporter -->
<testsuite ignored="2" hostname="Kerims-MacBook-Pro.local" failures="0" tests="1" name="SmokeTest" time="11.587" errors="0" timestamp="2023-02-06T14:04:20 PST">
  <testcase classname="com.neotech.testcases.LoginTest" name="validLogin" time="7.354"/>
  <testcase classname="com.neotech.testcases.LoginTest" name="invalidPasswordLogin" time="0.0">
    <ignored/>
  </testcase> <!-- invalidPasswordLogin -->
  <testcase classname="com.neotech.testcases.LoginTest" name="emptyPasswordLogin" time="0.0">
    <ignored/>
  </testcase> <!-- emptyPasswordLogin -->
</testsuite> <!-- SmokeTest -->
