<?xml version="1.0" encoding="UTF-8"?>
<!-- Generated by org.testng.reporters.JUnitXMLReporter -->
<testsuite ignored="0" hostname="Kerims-MacBook-Pro.local" failures="1" tests="3" name="Regression Test" time="25.075" errors="0" timestamp="2023-02-06T14:06:02 PST">
  <testcase classname="com.neotech.testcases.LoginTest" name="emptyPasswordLogin" time="2.315"/>
  <testcase classname="com.neotech.testcases.LoginTest" name="invalidPasswordLogin" time="5.827">
    <failure type="java.lang.AssertionError" message="Error message does NOT match! expected [Invalid Credentials - bla bla bla] but found [Invalid Credentials]">
      <![CDATA[java.lang.AssertionError: Error message does NOT match! expected [Invalid Credentials - bla bla bla] but found [Invalid Credentials]
at com.neotech.testcases.LoginTest.invalidPasswordLogin(LoginTest.java:72)
at java.base/java.util.ArrayList.forEach(ArrayList.java:1511)
... Removed 32 stack frames]]>
    </failure>
  </testcase> <!-- invalidPasswordLogin -->
  <testcase classname="com.neotech.testcases.LoginTest" name="validLogin" time="6.254"/>
</testsuite> <!-- Regression Test -->
