<?xml version="1.0" encoding="UTF-8"?>
<!-- Generated by org.testng.reporters.JUnitXMLReporter -->
<testsuite ignored="3" hostname="Kerims-MacBook-Pro.local" failures="1" tests="3" name="Regression Test" time="27.83" errors="0" timestamp="2023-02-08T22:28:08 PST">
  <testcase classname="com.neotech.testcases.LoginTest" name="emptyPasswordLogin" time="2.348"/>
  <testcase classname="com.neotech.testcases.LoginTest" name="invalidPasswordLogin" time="5.372">
    <failure type="java.lang.AssertionError" message="Error message does NOT match! expected [Invalid Credentials - bla bla bla] but found [Invalid Credentials]">
      <![CDATA[java.lang.AssertionError: Error message does NOT match! expected [Invalid Credentials - bla bla bla] but found [Invalid Credentials]
at com.neotech.testcases.LoginTest.invalidPasswordLogin(LoginTest.java:76)
at java.base/java.util.ArrayList.forEach(ArrayList.java:1511)
... Removed 32 stack frames]]>
    </failure>
  </testcase> <!-- invalidPasswordLogin -->
  <testcase classname="com.neotech.testcases.LoginTest" name="validLogin" time="6.939"/>
  <testcase classname="com.neotech.testbase.BaseClass" name="@AfterTest writeReport" time="0.0">
    <ignored/>
  </testcase> <!-- @AfterTest writeReport -->
  <testcase classname="com.neotech.testbase.BaseClass" name="@BeforeTest generateReport" time="0.0">
    <ignored/>
  </testcase> <!-- @BeforeTest generateReport -->
  <testcase classname="com.neotech.testcases.AddEmployeeTest" name="addEmployee" time="0.0">
    <ignored/>
  </testcase> <!-- addEmployee -->
</testsuite> <!-- Regression Test -->
