<?xml version="1.0" encoding="UTF-8"?>
<testng-results ignored="12" total="14" passed="2" failed="0" skipped="0">
  <reporter-output>
  </reporter-output>
  <suite started-at="2023-02-11T22:33:21 PST" name="Group Demo Suite" finished-at="2023-02-11T22:33:22 PST" duration-ms="488">
    <groups>
      <group name="group2">
        <method signature="GroupsDemo.test1()[pri:2, instance:com.neotech.testcases.GroupsDemo@3e08ff24]" name="test1" class="com.neotech.testcases.GroupsDemo"/>
      </group> <!-- group2 -->
      <group name="group1">
        <method signature="GroupsDemo.test1()[pri:2, instance:com.neotech.testcases.GroupsDemo@3e08ff24]" name="test1" class="com.neotech.testcases.GroupsDemo"/>
        <method signature="GroupsDemo.test2()[pri:0, instance:com.neotech.testcases.GroupsDemo@3e08ff24]" name="test2" class="com.neotech.testcases.GroupsDemo"/>
      </group> <!-- group1 -->
    </groups>
    <test started-at="2023-02-11T22:33:21 PST" name="GroupDemoTest" finished-at="2023-02-11T22:33:22 PST" duration-ms="488">
      <class name="com.neotech.testcases.LoginTest">
        <test-method is-config="true" signature="generateReport()[pri:0, instance:com.neotech.testcases.LoginTest@5ddeb7cb]" started-at="2023-02-11T22:33:21 PST" name="generateReport" finished-at="2023-02-11T22:33:22 PST" duration-ms="218" status="PASS">
          <reporter-output>
          </reporter-output>
        </test-method> <!-- generateReport -->
        <test-method is-config="true" signature="writeReport()[pri:0, instance:com.neotech.testcases.LoginTest@5ddeb7cb]" started-at="2023-02-11T22:33:22 PST" name="writeReport" finished-at="2023-02-11T22:33:22 PST" duration-ms="216" status="PASS">
          <reporter-output>
          </reporter-output>
        </test-method> <!-- writeReport -->
      </class> <!-- com.neotech.testcases.LoginTest -->
      <class name="com.neotech.testcases.GroupsDemo">
        <test-method is-config="true" signature="beforeTest()[pri:0, instance:com.neotech.testcases.GroupsDemo@3e08ff24]" started-at="2023-02-11T22:33:22 PST" name="beforeTest" finished-at="2023-02-11T22:33:22 PST" duration-ms="1" status="PASS">
          <reporter-output>
          </reporter-output>
        </test-method> <!-- beforeTest -->
        <test-method is-config="true" signature="beforeMethod()[pri:0, instance:com.neotech.testcases.GroupsDemo@3e08ff24]" started-at="2023-02-11T22:33:22 PST" name="beforeMethod" finished-at="2023-02-11T22:33:22 PST" duration-ms="0" status="PASS">
          <reporter-output>
          </reporter-output>
        </test-method> <!-- beforeMethod -->
        <test-method signature="test1()[pri:2, instance:com.neotech.testcases.GroupsDemo@3e08ff24]" started-at="2023-02-11T22:33:22 PST" name="test1" finished-at="2023-02-11T22:33:22 PST" duration-ms="4" status="PASS">
          <reporter-output>
          </reporter-output>
        </test-method> <!-- test1 -->
        <test-method is-config="true" signature="afterMethod()[pri:0, instance:com.neotech.testcases.GroupsDemo@3e08ff24]" started-at="2023-02-11T22:33:22 PST" name="afterMethod" finished-at="2023-02-11T22:33:22 PST" duration-ms="1" status="PASS">
          <reporter-output>
          </reporter-output>
        </test-method> <!-- afterMethod -->
        <test-method signature="test2()[pri:0, instance:com.neotech.testcases.GroupsDemo@3e08ff24]" started-at="2023-02-11T22:33:22 PST" name="test2" finished-at="2023-02-11T22:33:22 PST" depends-on-methods="com.neotech.testcases.GroupsDemo.test1" duration-ms="7" status="PASS">
          <reporter-output>
          </reporter-output>
        </test-method> <!-- test2 -->
        <test-method is-config="true" signature="beforeMethod()[pri:0, instance:com.neotech.testcases.GroupsDemo@3e08ff24]" started-at="2023-02-11T22:33:22 PST" name="beforeMethod" finished-at="2023-02-11T22:33:22 PST" duration-ms="0" status="PASS">
          <reporter-output>
          </reporter-output>
        </test-method> <!-- beforeMethod -->
        <test-method is-config="true" signature="afterMethod()[pri:0, instance:com.neotech.testcases.GroupsDemo@3e08ff24]" started-at="2023-02-11T22:33:22 PST" name="afterMethod" finished-at="2023-02-11T22:33:22 PST" duration-ms="0" status="PASS">
          <reporter-output>
          </reporter-output>
        </test-method> <!-- afterMethod -->
        <test-method is-config="true" signature="afterTest()[pri:0, instance:com.neotech.testcases.GroupsDemo@3e08ff24]" started-at="2023-02-11T22:33:22 PST" name="afterTest" finished-at="2023-02-11T22:33:22 PST" duration-ms="0" status="PASS">
          <reporter-output>
          </reporter-output>
        </test-method> <!-- afterTest -->
      </class> <!-- com.neotech.testcases.GroupsDemo -->
    </test> <!-- GroupDemoTest -->
  </suite> <!-- Group Demo Suite -->
</testng-results>
